<?xml version="1.0" encoding="UTF-8"?>
<!-- Generated by org.testng.reporters.JUnitXMLReporter -->
<testsuite ignored="0" hostname="DESKTOP-CSPFUGG" failures="2" tests="2" name="Test" time="22.198" errors="0" timestamp="2026-02-01T12:00:31 IST">
  <testcase classname="testcases.TestCase1" name="demotestcase" time="0.113">
    <failure type="java.lang.AssertionError" message="expected [false] but found [true]">
      <![CDATA[java.lang.AssertionError: expected [false] but found [true]
at testcases.TestCase1.demotestcase(TestCase1.java:51)
at java.base/java.util.ArrayList.forEach(ArrayList.java:1596)
... Removed 32 stack frames]]>
    </failure>
  </testcase> <!-- demotestcase -->
  <testcase classname="testcases.TestCase1" name="registerUser" time="3.888">
    <failure type="java.lang.AssertionError" message="expected [Your registration completed] but found []">
      <![CDATA[java.lang.AssertionError: expected [Your registration completed] but found []
at testcases.TestCase1.registerUser(TestCase1.java:41)
at java.base/java.util.ArrayList.forEach(ArrayList.java:1596)
... Removed 31 stack frames]]>
    </failure>
  </testcase> <!-- registerUser -->
</testsuite> <!-- Test -->
