<?xml version="1.0" encoding="UTF-8"?>
<!-- Generated by org.testng.reporters.JUnitReportReporter -->
<testsuite hostname="DESKTOP-CSPFUGG" failures="0" tests="4" name="testcases.TestCaseExcel" time="42.646" errors="0" timestamp="2026-01-31T13:09:17 IST" skipped="0">
  <testcase classname="testcases.TestCaseExcel" name="registerUser" time="11.616"/>
  <testcase classname="testcases.TestCaseExcel" name="registerUser" time="10.323"/>
  <testcase classname="testcases.TestCaseExcel" name="registerUser" time="10.264"/>
  <testcase classname="testcases.TestCaseExcel" name="registerUser" time="10.443"/>
</testsuite> <!-- testcases.TestCaseExcel -->
